This is pdfTeX, Version 3.14159265-2.6-1.40.20 (TeX Live 2019/W32TeX) (preloaded format=pdflatex 2019.8.23)  24 APR 2020 16:45
entering extended mode
 restricted \write18 enabled.
 %&-line parsing enabled.
**main.tex
(./main.tex
LaTeX2e <2018-12-01>
(c:/texlive/2019/texmf-dist/tex/latex/base/article.cls
Document Class: article 2018/09/03 v1.4i Standard LaTeX document class
(c:/texlive/2019/texmf-dist/tex/latex/base/size10.clo
File: size10.clo 2018/09/03 v1.4i Standard LaTeX file (size option)
)
\c@part=\count80
\c@section=\count81
\c@subsection=\count82
\c@subsubsection=\count83
\c@paragraph=\count84
\c@subparagraph=\count85
\c@figure=\count86
\c@table=\count87
\abovecaptionskip=\skip41
\belowcaptionskip=\skip42
\bibindent=\dimen102
)
(c:/texlive/2019/texmf-dist/tex/latex/amsmath/amsmath.sty
Package: amsmath 2018/12/01 v2.17b AMS math features
\@mathmargin=\skip43

For additional information on amsmath, use the `?' option.
(c:/texlive/2019/texmf-dist/tex/latex/amsmath/amstext.sty
Package: amstext 2000/06/29 v2.01 AMS text

(c:/texlive/2019/texmf-dist/tex/latex/amsmath/amsgen.sty
File: amsgen.sty 1999/11/30 v2.0 generic functions
\@emptytoks=\toks14
\ex@=\dimen103
))
(c:/texlive/2019/texmf-dist/tex/latex/amsmath/amsbsy.sty
Package: amsbsy 1999/11/29 v1.2d Bold Symbols
\pmbraise@=\dimen104
)
(c:/texlive/2019/texmf-dist/tex/latex/amsmath/amsopn.sty
Package: amsopn 2016/03/08 v2.02 operator names
)
\inf@bad=\count88
LaTeX Info: Redefining \frac on input line 223.
\uproot@=\count89
\leftroot@=\count90
LaTeX Info: Redefining \overline on input line 385.
\classnum@=\count91
\DOTSCASE@=\count92
LaTeX Info: Redefining \ldots on input line 482.
LaTeX Info: Redefining \dots on input line 485.
LaTeX Info: Redefining \cdots on input line 606.
\Mathstrutbox@=\box27
\strutbox@=\box28
\big@size=\dimen105
LaTeX Font Info:    Redeclaring font encoding OML on input line 729.
LaTeX Font Info:    Redeclaring font encoding OMS on input line 730.
\macc@depth=\count93
\c@MaxMatrixCols=\count94
\dotsspace@=\muskip10
\c@parentequation=\count95
\dspbrk@lvl=\count96
\tag@help=\toks15
\row@=\count97
\column@=\count98
\maxfields@=\count99
\andhelp@=\toks16
\eqnshift@=\dimen106
\alignsep@=\dimen107
\tagshift@=\dimen108
\tagwidth@=\dimen109
\totwidth@=\dimen110
\lineht@=\dimen111
\@envbody=\toks17
\multlinegap=\skip44
\multlinetaggap=\skip45
\mathdisplay@stack=\toks18
LaTeX Info: Redefining \[ on input line 2844.
LaTeX Info: Redefining \] on input line 2845.
)
(c:/texlive/2019/texmf-dist/tex/latex/amscls/amsthm.sty
Package: amsthm 2017/10/31 v2.20.4
\thm@style=\toks19
\thm@bodyfont=\toks20
\thm@headfont=\toks21
\thm@notefont=\toks22
\thm@headpunct=\toks23
\thm@preskip=\skip46
\thm@postskip=\skip47
\thm@headsep=\skip48
\dth@everypar=\toks24
)
(c:/texlive/2019/texmf-dist/tex/latex/graphics/graphicx.sty
Package: graphicx 2017/06/01 v1.1a Enhanced LaTeX Graphics (DPC,SPQR)

(c:/texlive/2019/texmf-dist/tex/latex/graphics/keyval.sty
Package: keyval 2014/10/28 v1.15 key=value parser (DPC)
\KV@toks@=\toks25
)
(c:/texlive/2019/texmf-dist/tex/latex/graphics/graphics.sty
Package: graphics 2017/06/25 v1.2c Standard LaTeX Graphics (DPC,SPQR)

(c:/texlive/2019/texmf-dist/tex/latex/graphics/trig.sty
Package: trig 2016/01/03 v1.10 sin cos tan (DPC)
)
(c:/texlive/2019/texmf-dist/tex/latex/graphics-cfg/graphics.cfg
File: graphics.cfg 2016/06/04 v1.11 sample graphics configuration
)
Package graphics Info: Driver file: pdftex.def on input line 99.

(c:/texlive/2019/texmf-dist/tex/latex/graphics-def/pdftex.def
File: pdftex.def 2018/01/08 v1.0l Graphics/color driver for pdftex
))
\Gin@req@height=\dimen112
\Gin@req@width=\dimen113
)
(./icml2018.sty
Package: icml2018 2018/01/01 v2.0 ICML Conference Style File
 (c:/texlive/2019/texmf-dist/tex/latex/psnfss/times.sty
Package: times 2005/04/12 PSNFSS-v9.2a (SPQR) 
)
(c:/texlive/2019/texmf-dist/tex/latex/fancyhdr/fancyhdr.sty
Package: fancyhdr 2019/01/31 v3.10 Extensive control of page headers and footer
s
\f@nch@headwidth=\skip49
\f@nch@O@elh=\skip50
\f@nch@O@erh=\skip51
\f@nch@O@olh=\skip52
\f@nch@O@orh=\skip53
\f@nch@O@elf=\skip54
\f@nch@O@erf=\skip55
\f@nch@O@olf=\skip56
\f@nch@O@orf=\skip57
)
(c:/texlive/2019/texmf-dist/tex/latex/graphics/color.sty
Package: color 2016/07/10 v1.1e Standard LaTeX Color (DPC)

(c:/texlive/2019/texmf-dist/tex/latex/graphics-cfg/color.cfg
File: color.cfg 2016/01/02 v1.6 sample color configuration
)
Package color Info: Driver file: pdftex.def on input line 147.
)
(c:/texlive/2019/texmf-dist/tex/latex/algorithms/algorithm.sty
Package: algorithm 2009/08/24 v0.1 Document Style `algorithm' - floating enviro
nment

(c:/texlive/2019/texmf-dist/tex/latex/float/float.sty
Package: float 2001/11/08 v1.3d Float enhancements (AL)
\c@float@type=\count100
\float@exts=\toks26
\float@box=\box29
\@float@everytoks=\toks27
\@floatcapt=\box30
)
(c:/texlive/2019/texmf-dist/tex/latex/base/ifthen.sty
Package: ifthen 2014/09/29 v1.1c Standard LaTeX ifthen package (DPC)
)
\@float@every@algorithm=\toks28
\c@algorithm=\count101
)
(c:/texlive/2019/texmf-dist/tex/latex/algorithms/algorithmic.sty
Package: algorithmic 2009/08/24 v0.1 Document Style `algorithmic'
\c@ALC@unique=\count102
\c@ALC@line=\count103
\c@ALC@rem=\count104
\c@ALC@depth=\count105
\ALC@tlm=\skip58
\algorithmicindent=\skip59
)
(c:/texlive/2019/texmf-dist/tex/latex/natbib/natbib.sty
Package: natbib 2010/09/13 8.31b (PWD, AO)
\bibhang=\skip60
\bibsep=\skip61
LaTeX Info: Redefining \cite on input line 694.
\c@NAT@ctr=\count106
)
(c:/texlive/2019/texmf-dist/tex/latex/eso-pic/eso-pic.sty
Package: eso-pic 2018/04/12 v2.0h eso-pic (RN)

(c:/texlive/2019/texmf-dist/tex/generic/oberdiek/atbegshi.sty
Package: atbegshi 2016/06/09 v1.18 At begin shipout hook (HO)

(c:/texlive/2019/texmf-dist/tex/generic/oberdiek/infwarerr.sty
Package: infwarerr 2016/05/16 v1.4 Providing info/warning/error messages (HO)
)
(c:/texlive/2019/texmf-dist/tex/generic/oberdiek/ltxcmds.sty
Package: ltxcmds 2016/05/16 v1.23 LaTeX kernel commands for general use (HO)
)
(c:/texlive/2019/texmf-dist/tex/generic/oberdiek/ifpdf.sty
Package: ifpdf 2018/09/07 v3.3 Provides the ifpdf switch
)))
(c:/texlive/2019/texmf-dist/tex/latex/forloop/forloop.sty
Package: forloop 2006/09/18 v3.0 For Loops for LaTeX
)
\titrun=\box31
\c@@affiliationcounter=\count107
\c@@affilnum=\count108
\newcaptionbox=\box32
\newcaptionboxwid=\dimen114
\icmlrulerbox=\box33
\icmlrulercount=\count109
\icmlruleroffset=\dimen115
\cv@lineheight=\dimen116
\cv@boxheight=\dimen117
\cv@tmpbox=\box34
\cv@refno=\count110
\cv@tot=\count111
\cv@tmpc@=\count112
\cv@tmpc=\count113
)
(c:/texlive/2019/texmf-dist/tex/latex/url/url.sty
\Urlmuskip=\muskip11
Package: url 2013/09/16  ver 3.4  Verb mode for urls, etc.
) (./main.aux)
\openout1 = `main.aux'.

LaTeX Font Info:    Checking defaults for OML/cmm/m/it on input line 15.
LaTeX Font Info:    ... okay on input line 15.
LaTeX Font Info:    Checking defaults for T1/cmr/m/n on input line 15.
LaTeX Font Info:    ... okay on input line 15.
LaTeX Font Info:    Checking defaults for OT1/cmr/m/n on input line 15.
LaTeX Font Info:    ... okay on input line 15.
LaTeX Font Info:    Checking defaults for OMS/cmsy/m/n on input line 15.
LaTeX Font Info:    ... okay on input line 15.
LaTeX Font Info:    Checking defaults for OMX/cmex/m/n on input line 15.
LaTeX Font Info:    ... okay on input line 15.
LaTeX Font Info:    Checking defaults for U/cmr/m/n on input line 15.
LaTeX Font Info:    ... okay on input line 15.
LaTeX Font Info:    Try loading font information for OT1+ptm on input line 15.

(c:/texlive/2019/texmf-dist/tex/latex/psnfss/ot1ptm.fd
File: ot1ptm.fd 2001/06/04 font definitions for OT1/ptm.
)
(c:/texlive/2019/texmf-dist/tex/context/base/mkii/supp-pdf.mkii
[Loading MPS to PDF converter (version 2006.09.02).]
\scratchcounter=\count114
\scratchdimen=\dimen118
\scratchbox=\box35
\nofMPsegments=\count115
\nofMParguments=\count116
\everyMPshowfont=\toks29
\MPscratchCnt=\count117
\MPscratchDim=\dimen119
\MPnumerator=\count118
\makeMPintoPDFobject=\count119
\everyMPtoPDFconversion=\toks30
) (c:/texlive/2019/texmf-dist/tex/latex/oberdiek/epstopdf-base.sty
Package: epstopdf-base 2016/05/15 v2.6 Base part for package epstopdf

(c:/texlive/2019/texmf-dist/tex/latex/oberdiek/grfext.sty
Package: grfext 2016/05/16 v1.2 Manage graphics extensions (HO)

(c:/texlive/2019/texmf-dist/tex/generic/oberdiek/kvdefinekeys.sty
Package: kvdefinekeys 2016/05/16 v1.4 Define keys (HO)
))
(c:/texlive/2019/texmf-dist/tex/latex/oberdiek/kvoptions.sty
Package: kvoptions 2016/05/16 v3.12 Key value format for package options (HO)

(c:/texlive/2019/texmf-dist/tex/generic/oberdiek/kvsetkeys.sty
Package: kvsetkeys 2016/05/16 v1.17 Key value parser (HO)

(c:/texlive/2019/texmf-dist/tex/generic/oberdiek/etexcmds.sty
Package: etexcmds 2016/05/16 v1.6 Avoid name clashes with e-TeX commands (HO)

(c:/texlive/2019/texmf-dist/tex/generic/oberdiek/ifluatex.sty
Package: ifluatex 2016/05/16 v1.4 Provides the ifluatex switch (HO)
Package ifluatex Info: LuaTeX not detected.
))))
(c:/texlive/2019/texmf-dist/tex/generic/oberdiek/pdftexcmds.sty
Package: pdftexcmds 2018/09/10 v0.29 Utility functions of pdfTeX for LuaTeX (HO
)
Package pdftexcmds Info: LuaTeX not detected.
Package pdftexcmds Info: \pdf@primitive is available.
Package pdftexcmds Info: \pdf@ifprimitive is available.
Package pdftexcmds Info: \pdfdraftmode found.
)
Package epstopdf-base Info: Redefining graphics rule for `.eps' on input line 4
38.
Package grfext Info: Graphics extension search list:
(grfext)             [.pdf,.png,.jpg,.mps,.jpeg,.jbig2,.jb2,.PDF,.PNG,.JPG,.JPE
G,.JBIG2,.JB2,.eps]
(grfext)             \AppendGraphicsExtensions on input line 456.

(c:/texlive/2019/texmf-dist/tex/latex/latexconfig/epstopdf-sys.cfg
File: epstopdf-sys.cfg 2010/07/13 v1.3 Configuration of (r)epstopdf for TeX Liv
e
))
\AtBeginShipoutBox=\box36
LaTeX Font Info:    Font shape `OT1/ptm/bx/n' in size <9> not available
(Font)              Font shape `OT1/ptm/b/n' tried instead on input line 34.
LaTeX Font Info:    Font shape `OT1/ptm/bx/n' in size <14.4> not available
(Font)              Font shape `OT1/ptm/b/n' tried instead on input line 34.
LaTeX Font Info:    Font shape `OT1/ptm/bx/n' in size <10> not available
(Font)              Font shape `OT1/ptm/b/n' tried instead on input line 34.
\c@@affilvu=\count120
LaTeX Font Info:    Font shape `OT1/ptm/bx/n' in size <12> not available
(Font)              Font shape `OT1/ptm/b/n' tried instead on input line 38.
<images/tsp.png, id=1, 803.0pt x 747.79375pt>
File: images/tsp.png Graphic file (type png)
<use images/tsp.png>
Package pdftex.def Info: images/tsp.png  used on input line 47.
(pdftex.def)             Requested size: 160.59715pt x 149.55609pt.

Underfull \vbox (badness 10000) has occurred while \output is active []

 [1{c:/texlive/2019/texmf-var/fonts/map/pdftex/updmap/pdftex.map}



 <./images/tsp.png>]
Underfull \vbox (badness 10000) has occurred while \output is active []


Underfull \vbox (badness 10000) has occurred while \output is active []



Package Fancyhdr Warning: \headheight is too small (10.0pt): 
Make it at least 11.0pt.
We now make it that large for the rest of the document.
This may cause the page layout to be inconsistent, however.


Package Fancyhdr Warning: \footskip is too small (0.0pt): 
Make it at least 3.30003pt.
We now make it that large for the rest of the document.
This may cause the page layout to be inconsistent, however.

[2]
<images/hopfield-network.png, id=19, 367.97475pt x 273.4215pt>
File: images/hopfield-network.png Graphic file (type png)
<use images/hopfield-network.png>
Package pdftex.def Info: images/hopfield-network.png  used on input line 75.
(pdftex.def)             Requested size: 257.58057pt x 191.39372pt.

Overfull \hbox (22.70306pt too wide) in paragraph at lines 75--76
 [][] 
 []


Underfull \vbox (badness 10000) has occurred while \output is active []


Underfull \vbox (badness 10000) has occurred while \output is active []

 [3 <./images/hopfield-network.png>]
<images/self-organizing-map.png, id=23, 260.172pt x 180.675pt>
File: images/self-organizing-map.png Graphic file (type png)
<use images/self-organizing-map.png>
Package pdftex.def Info: images/self-organizing-map.png  used on input line 99.

(pdftex.def)             Requested size: 260.17134pt x 180.67455pt.

Overfull \hbox (25.29384pt too wide) in paragraph at lines 99--100
 [][] 
 []


Underfull \hbox (badness 2564) in paragraph at lines 100--100
[][]\OT1/ptm/m/n/9 Mapping fea-tures of in-put vec-tor x onto a two-
 []


Underfull \vbox (badness 10000) has occurred while \output is active []


Underfull \vbox (badness 10000) has occurred while \output is active []

 [4 <./images/self-organizing-map.png>]
Underfull \hbox (badness 1360) in paragraph at lines 152--153
\OT1/ptm/m/n/10 2015). They in-tro-duced the con-cept of pointer net-
 []

<images/ptr-net.png, id=27, 230.0595pt x 202.356pt>
File: images/ptr-net.png Graphic file (type png)
<use images/ptr-net.png>
Package pdftex.def Info: images/ptr-net.png  used on input line 156.
(pdftex.def)             Requested size: 230.05893pt x 202.3555pt.

Underfull \vbox (badness 10000) has occurred while \output is active []


Overfull \hbox (18.93665pt too wide) detected at line 174
[]
 []

[5 <./images/ptr-net.png>]
Underfull \vbox (badness 10000) has occurred while \output is active []

<images/gcn.png, id=34, 731.1315pt x 166.82326pt>
File: images/gcn.png Graphic file (type png)
<use images/gcn.png>
Package pdftex.def Info: images/gcn.png  used on input line 190.
(pdftex.def)             Requested size: 475.22984pt x 108.43382pt.

Underfull \vbox (badness 10000) has occurred while \output is active []

 [6]
Underfull \vbox (badness 10000) has occurred while \output is active []


Underfull \vbox (badness 10000) has occurred while \output is active []

 [7 <./images/gcn.png>]
Underfull \hbox (badness 2689) in paragraph at lines 213--214
\OT1/ptm/m/n/10 an end-to-end pre-dic-tion frame-work called GCOMB.
 []


Underfull \hbox (badness 1755) in paragraph at lines 213--214
\OT1/ptm/m/n/10 which en-coded the ef-fect of a node on the budget-
 []


Underfull \vbox (badness 10000) has occurred while \output is active []


Underfull \vbox (badness 10000) has occurred while \output is active []

 [8]
Underfull \hbox (badness 1968) in paragraph at lines 230--231
\OT1/ptm/m/n/10 (Christofides, 1976), ve-hi-cle rout-ing solver OR-Tools
 []


Underfull \hbox (badness 1226) in paragraph at lines 230--231
\OT1/ptm/m/n/10 su-per-vised learn-ing (Vinyals et al., 2015). All their
 []


Underfull \hbox (badness 2318) in paragraph at lines 230--231
\OT1/ptm/m/n/10 meth-ods com-fort-ably sur-passed Christofides' heuris-tic
 []


Underfull \vbox (badness 10000) has occurred while \output is active []

<images/graph-embedding.png, id=45, 570.33075pt x 219.82124pt>
File: images/graph-embedding.png Graphic file (type png)
<use images/graph-embedding.png>
Package pdftex.def Info: images/graph-embedding.png  used on input line 238.
(pdftex.def)             Requested size: 484.78342pt x 186.84892pt.

Underfull \vbox (badness 10000) has occurred while \output is active []

 [9]
Underfull \vbox (badness 10000) has occurred while \output is active []


Underfull \vbox (badness 10000) has occurred while \output is active []

 [10 <./images/graph-embedding.png>]
Underfull \vbox (badness 10000) has occurred while \output is active []

 [11]
(./main.bbl
LaTeX Font Info:    Try loading font information for OT1+pcr on input line 10.
 (c:/texlive/2019/texmf-dist/tex/latex/psnfss/ot1pcr.fd
File: ot1pcr.fd 2001/06/04 font definitions for OT1/pcr.
)
Underfull \hbox (badness 7186) in paragraph at lines 9--11
[]\OT1/ptm/m/n/10 Vehicle rout-ing | or-tools | google de-vel-op-ers.
 []


Underfull \hbox (badness 10000) in paragraph at lines 9--11
\OT1/ptm/m/n/10 URL $\OT1/pcr/m/n/10 https : / / developers . google . com /
 []


Underfull \hbox (badness 10000) in paragraph at lines 13--15
[]\OT1/ptm/m/n/10 Travelling sales-man prob-lem, Apr 2020.  URL
 []


Underfull \hbox (badness 10000) in paragraph at lines 13--15
\OT1/pcr/m/n/10 https : / / en . wikipedia . org / wiki /
 []


Underfull \hbox (badness 1189) in paragraph at lines 31--34
[]\OT1/ptm/m/n/10 Angeniol, Bernard, Vaubois, Gael De La Croix, and
 []


Underfull \hbox (badness 3803) in paragraph at lines 42--46
[]\OT1/ptm/m/n/10 Bahdanau, Dzmitry, Cho, Kyunghyun, and Ben-gio,
 []


Underfull \hbox (badness 3240) in paragraph at lines 54--57
[]\OT1/ptm/m/n/10 Barrett, Thomas D, Clements, William R, Fo-er-ster,
 []


Underfull \hbox (badness 3428) in paragraph at lines 72--76
[]\OT1/ptm/m/n/10 Bengio, Yoshua, Lodi, An-drea, and Prou-vost, An-
 []

[12]
Underfull \hbox (badness 3872) in paragraph at lines 319--324
[]\OT1/ptm/m/n/10 Nazari, Mo-ham-madreza, Oroo-jlooy, Af-shin, Sny-der,
 []

[13]
Underfull \hbox (badness 1158) in paragraph at lines 333--336
\OT1/ptm/m/it/10 bi-na-to-rial op-ti-miza-tion: al-go-rithms and com-plex-ity\O
T1/ptm/m/n/10 .
 []


Underfull \hbox (badness 1803) in paragraph at lines 399--403
\OT1/ptm/m/n/10 al-go-rithms for con-nec-tion-ist re-in-force-ment learn-ing.
 []


Underfull \hbox (badness 3375) in paragraph at lines 412--417
[]\OT1/ptm/m/n/10 Xu, Ke, Bousse-mart, Fr[]ed[]eric, Hemery, Fred, and
 []

) [14] (./main.aux) ) 
Here is how much of TeX's memory you used:
 3540 strings out of 492623
 49738 string characters out of 6133290
 131443 words of memory out of 5000000
 7371 multiletter control sequences out of 15000+600000
 22439 words of font info for 41 fonts, out of 8000000 for 9000
 1141 hyphenation exceptions out of 8191
 41i,12n,45p,1734b,407s stack positions out of 5000i,500n,10000p,200000b,80000s
{c:/texlive/2019/texmf-dist/fonts/enc/dvips/base/8r.enc}<c
:/texlive/2019/texmf-dist/fonts/type1/public/amsfonts/cm/cmex10.pfb><c:/texlive
/2019/texmf-dist/fonts/type1/public/amsfonts/cm/cmmi10.pfb><c:/texlive/2019/tex
mf-dist/fonts/type1/public/amsfonts/cm/cmmi7.pfb><c:/texlive/2019/texmf-dist/fo
nts/type1/public/amsfonts/cm/cmr10.pfb><c:/texlive/2019/texmf-dist/fonts/type1/
public/amsfonts/cm/cmr7.pfb><c:/texlive/2019/texmf-dist/fonts/type1/public/amsf
onts/cm/cmsy10.pfb><c:/texlive/2019/texmf-dist/fonts/type1/public/amsfonts/cm/c
msy7.pfb><c:/texlive/2019/texmf-dist/fonts/type1/urw/courier/ucrr8a.pfb><c:/tex
live/2019/texmf-dist/fonts/type1/urw/times/utmb8a.pfb><c:/texlive/2019/texmf-di
st/fonts/type1/urw/times/utmr8a.pfb><c:/texlive/2019/texmf-dist/fonts/type1/urw
/times/utmr8a.pfb><c:/texlive/2019/texmf-dist/fonts/type1/urw/times/utmri8a.pfb
>
Output written on main.pdf (14 pages, 376852 bytes).
PDF statistics:
 107 PDF objects out of 1000 (max. 8388607)
 71 compressed objects within 1 object stream
 0 named destinations out of 1000 (max. 500000)
 31 words of extra memory for PDF output out of 10000 (max. 10000000)

